<?xml version="1.0" encoding="UTF-8"?>
<!-- Generated by org.testng.reporters.JUnitReportReporter -->
<testsuite hostname="DESKTOP-HNCTLOU" failures="0" tests="1" name="com.Equarz.Testcases.Addtocarttest" time="51.058" errors="0" timestamp="2023-09-14T10:57:04 IST" skipped="0">
  <testcase classname="com.Equarz.Testcases.Addtocarttest" name="verifyurl" time="51.058"/>
</testsuite> <!-- com.Equarz.Testcases.Addtocarttest -->
