<?xml version="1.0" encoding="UTF-8"?>
<!-- Generated by org.testng.reporters.JUnitReportReporter -->
<testsuite hostname="DESKTOP-HNCTLOU" failures="0" tests="1" name="com.Equarz.Testcases.LoginTest" time="41.489" errors="0" timestamp="2023-09-14T10:52:24 IST" skipped="0">
  <testcase classname="com.Equarz.Testcases.LoginTest" name="VerifyLogin" time="41.489"/>
</testsuite> <!-- com.Equarz.Testcases.LoginTest -->
