<?xml version="1.0" encoding="UTF-8"?>
<!-- Generated by org.testng.reporters.JUnitReportReporter -->
<testsuite hostname="DESKTOP-HNCTLOU" failures="0" tests="20" name="com.Equarz.Testcases.homelinkstest" time="0.013" errors="1" timestamp="2023-10-04T06:56:34 IST" skipped="19">
  <testcase classname="com.Equarz.Testcases.homelinkstest" name="latstproduct" time="0.000">
    <skipped/>
  </testcase> <!-- latstproduct -->
  <system-out/>
  <testcase classname="com.Equarz.Testcases.homelinkstest" name="twitter" time="0.000">
    <skipped/>
  </testcase> <!-- twitter -->
  <system-out/>
  <testcase classname="com.Equarz.Testcases.homelinkstest" name="Helptopic" time="0.000">
    <skipped/>
  </testcase> <!-- Helptopic -->
  <system-out/>
  <testcase classname="com.Equarz.Testcases.homelinkstest" name="Cancelation" time="0.000">
    <skipped/>
  </testcase> <!-- Cancelation -->
  <system-out/>
  <testcase classname="com.Equarz.Testcases.homelinkstest" name="login" time="0.013">
    <error message="Unresolved compilation problem: 
	The method logindata() from the type Login_Functionality refers to the missing type homepage
" type="java.lang.Error">
      <![CDATA[java.lang.Error: Unresolved compilation problem: 
The method logindata() from the type Login_Functionality refers to the missing type homepage

at com.Equarz.Testcases.homelinkstest.login(homelinkstest.java:30)
at java.base/jdk.internal.reflect.NativeMethodAccessorImpl.invoke0(Native Method)
at java.base/jdk.internal.reflect.NativeMethodAccessorImpl.invoke(NativeMethodAccessorImpl.java:77)
at java.base/jdk.internal.reflect.DelegatingMethodAccessorImpl.invoke(DelegatingMethodAccessorImpl.java:43)
at java.base/java.lang.reflect.Method.invoke(Method.java:568)
at org.testng.internal.MethodInvocationHelper.invokeMethod(MethodInvocationHelper.java:133)
at org.testng.internal.MethodInvocationHelper.invokeMethodConsideringTimeout(MethodInvocationHelper.java:62)
at org.testng.internal.ConfigInvoker.invokeConfigurationMethod(ConfigInvoker.java:385)
at org.testng.internal.ConfigInvoker.invokeConfigurations(ConfigInvoker.java:321)
at org.testng.internal.TestMethodWorker.invokeBeforeClassMethods(TestMethodWorker.java:176)
at org.testng.internal.TestMethodWorker.run(TestMethodWorker.java:122)
at java.base/java.util.ArrayList.forEach(ArrayList.java:1511)
at org.testng.TestRunner.privateRun(TestRunner.java:794)
at org.testng.TestRunner.run(TestRunner.java:596)
at org.testng.SuiteRunner.runTest(SuiteRunner.java:377)
at org.testng.SuiteRunner.runSequentially(SuiteRunner.java:371)
at org.testng.SuiteRunner.privateRun(SuiteRunner.java:332)
at org.testng.SuiteRunner.run(SuiteRunner.java:276)
at org.testng.SuiteRunnerWorker.runSuite(SuiteRunnerWorker.java:53)
at org.testng.SuiteRunnerWorker.run(SuiteRunnerWorker.java:96)
at org.testng.TestNG.runSuitesSequentially(TestNG.java:1212)
at org.testng.TestNG.runSuitesLocally(TestNG.java:1134)
at org.testng.TestNG.runSuites(TestNG.java:1063)
at org.testng.TestNG.run(TestNG.java:1031)
at org.testng.remote.AbstractRemoteTestNG.run(AbstractRemoteTestNG.java:115)
at org.testng.remote.RemoteTestNG.initAndRun(RemoteTestNG.java:251)
at org.testng.remote.RemoteTestNG.main(RemoteTestNG.java:77)
]]>
    </error>
  </testcase> <!-- login -->
  <system-out/>
  <testcase classname="com.Equarz.Testcases.homelinkstest" name="Pininterst" time="0.000">
    <skipped/>
  </testcase> <!-- Pininterst -->
  <system-out/>
  <testcase classname="com.Equarz.Testcases.homelinkstest" name="TrackOrder" time="0.000">
    <skipped/>
  </testcase> <!-- TrackOrder -->
  <system-out/>
  <testcase classname="com.Equarz.Testcases.homelinkstest" name="featurproduct" time="0.000">
    <skipped/>
  </testcase> <!-- featurproduct -->
  <system-out/>
  <testcase classname="com.Equarz.Testcases.homelinkstest" name="Linkeidn" time="0.000">
    <skipped/>
  </testcase> <!-- Linkeidn -->
  <system-out/>
  <testcase classname="com.Equarz.Testcases.homelinkstest" name="SupportTicket" time="0.000">
    <skipped/>
  </testcase> <!-- SupportTicket -->
  <system-out/>
  <testcase classname="com.Equarz.Testcases.homelinkstest" name="Googleplus" time="0.000">
    <skipped/>
  </testcase> <!-- Googleplus -->
  <system-out/>
  <testcase classname="com.Equarz.Testcases.homelinkstest" name="FaceBook" time="0.000">
    <skipped/>
  </testcase> <!-- FaceBook -->
  <system-out/>
  <testcase classname="com.Equarz.Testcases.homelinkstest" name="Refundpolicy" time="0.000">
    <skipped/>
  </testcase> <!-- Refundpolicy -->
  <system-out/>
  <testcase classname="com.Equarz.Testcases.homelinkstest" name="Instagram" time="0.000">
    <skipped/>
  </testcase> <!-- Instagram -->
  <system-out/>
  <testcase classname="com.Equarz.Testcases.homelinkstest" name="Returnpolicy" time="0.000">
    <skipped/>
  </testcase> <!-- Returnpolicy -->
  <system-out/>
  <testcase classname="com.Equarz.Testcases.homelinkstest" name="bestselling" time="0.000">
    <skipped/>
  </testcase> <!-- bestselling -->
  <system-out/>
  <testcase classname="com.Equarz.Testcases.homelinkstest" name="AboutCompany" time="0.000">
    <skipped/>
  </testcase> <!-- AboutCompany -->
  <system-out/>
  <testcase classname="com.Equarz.Testcases.homelinkstest" name="Contactus" time="0.000">
    <skipped/>
  </testcase> <!-- Contactus -->
  <system-out/>
  <testcase classname="com.Equarz.Testcases.homelinkstest" name="Profile" time="0.000">
    <skipped/>
  </testcase> <!-- Profile -->
  <system-out/>
  <testcase classname="com.Equarz.Testcases.homelinkstest" name="TopRated" time="0.000">
    <skipped/>
  </testcase> <!-- TopRated -->
  <system-out/>
</testsuite> <!-- com.Equarz.Testcases.homelinkstest -->
