<?xml version="1.0" encoding="UTF-8"?>
<!-- Generated by org.testng.reporters.JUnitReportReporter -->
<testsuite hostname="DESKTOP-HNCTLOU" failures="0" tests="1" name="com.Equarz.Testcases.LoginTest" time="22.973" errors="0" timestamp="2023-10-04T07:55:42 IST" skipped="0">
  <testcase classname="com.Equarz.Testcases.LoginTest" name="VerifyLogin" time="22.973"/>
  <system-out/>
</testsuite> <!-- com.Equarz.Testcases.LoginTest -->
